1
0.000000
0

1
0.000000
1
1.500000 0.500000 0.500000 1 0

1
0.000000
1
1.500000 0.500000 0.500000 1 1

4
2.442192
2
1.500000 0.500000 0.500000 1 0
1.000000 -0.000000 1.000000 1 0

8
2.442192
2
1.500000 0.500000 0.500000 1 1
1.000000 -0.000000 1.000000 1 0

4
2.442192
2
1.500000 0.500000 0.500000 1 1
1.000000 -0.000000 1.000000 1 1

3
2.820000
2
1.500000 0.500000 0.500000 1 0
1.500000 0.500000 1.500000 1 0

6
2.820000
2
1.500000 0.500000 0.500000 1 1
1.500000 0.500000 1.500000 1 0

3
2.820000
2
1.500000 0.500000 0.500000 1 1
1.500000 0.500000 1.500000 1 1

6
3.988082
2
1.500000 0.500000 0.500000 1 0
2.500000 0.500000 1.500000 1 0

12
3.988082
2
1.500000 0.500000 0.500000 1 1
2.500000 0.500000 1.500000 1 0

6
3.988082
2
1.500000 0.500000 0.500000 1 1
2.500000 0.500000 1.500000 1 1

12
4.676441
2
1.500000 0.500000 0.500000 1 0
-0.000000 1.000000 1.000000 1 0

24
4.676441
2
1.500000 0.500000 0.500000 1 1
-0.000000 1.000000 1.000000 1 0

12
4.676441
2
1.500000 0.500000 0.500000 1 1
-0.000000 1.000000 1.000000 1 1

4
4.884383
2
1.500000 0.500000 0.500000 1 0
2.500000 1.500000 1.500000 1 0

8
4.884383
2
1.500000 0.500000 0.500000 1 1
2.500000 1.500000 1.500000 1 0

4
4.884383
2
1.500000 0.500000 0.500000 1 1
2.500000 1.500000 1.500000 1 1

3
5.640000
2
1.500000 0.500000 0.500000 1 0
-0.500000 0.500000 0.500000 1 0

6
5.640000
2
1.500000 0.500000 0.500000 1 1
-0.500000 0.500000 0.500000 1 0

3
5.640000
2
1.500000 0.500000 0.500000 1 1
-0.500000 0.500000 0.500000 1 1

12
6.146048
2
1.500000 0.500000 0.500000 1 0
1.000000 2.000000 2.000000 1 0

24
6.146048
2
1.500000 0.500000 0.500000 1 1
1.000000 2.000000 2.000000 1 0

12
6.146048
2
1.500000 0.500000 0.500000 1 1
1.000000 2.000000 2.000000 1 1

12
2.820000
3
1.500000 0.500000 0.500000 1 0
1.000000 1.000000 1.000000 1 0
1.500000 0.500000 1.500000 1 0

24
2.820000
3
1.500000 0.500000 0.500000 1 1
1.000000 1.000000 1.000000 1 0
1.500000 0.500000 1.500000 1 0

12
2.820000
3
1.500000 0.500000 0.500000 1 0
1.000000 1.000000 1.000000 1 1
1.500000 0.500000 1.500000 1 0

24
2.820000
3
1.500000 0.500000 0.500000 1 1
1.000000 1.000000 1.000000 1 1
1.500000 0.500000 1.500000 1 0

12
2.820000
3
1.500000 0.500000 0.500000 1 1
1.000000 1.000000 1.000000 1 0
1.500000 0.500000 1.500000 1 1

12
2.820000
3
1.500000 0.500000 0.500000 1 1
1.000000 1.000000 1.000000 1 1
1.500000 0.500000 1.500000 1 1

12
3.988082
3
1.500000 0.500000 0.500000 1 0
2.000000 1.000000 1.000000 1 0
2.500000 0.500000 1.500000 1 0

24
3.988082
3
1.500000 0.500000 0.500000 1 1
2.000000 1.000000 1.000000 1 0
2.500000 0.500000 1.500000 1 0

12
3.988082
3
1.500000 0.500000 0.500000 1 0
2.000000 1.000000 1.000000 1 1
2.500000 0.500000 1.500000 1 0

24
3.988082
3
1.500000 0.500000 0.500000 1 1
2.000000 1.000000 1.000000 1 1
2.500000 0.500000 1.500000 1 0

12
3.988082
3
1.500000 0.500000 0.500000 1 1
2.000000 1.000000 1.000000 1 0
2.500000 0.500000 1.500000 1 1

12
3.988082
3
1.500000 0.500000 0.500000 1 1
2.000000 1.000000 1.000000 1 1
2.500000 0.500000 1.500000 1 1

12
3.988082
3
1.500000 0.500000 0.500000 1 0
1.500000 0.500000 1.500000 1 0
2.500000 0.500000 1.500000 1 0

24
3.988082
3
1.500000 0.500000 0.500000 1 1
1.500000 0.500000 1.500000 1 0
2.500000 0.500000 1.500000 1 0

12
3.988082
3
1.500000 0.500000 0.500000 1 0
1.500000 0.500000 1.500000 1 1
2.500000 0.500000 1.500000 1 0

24
3.988082
3
1.500000 0.500000 0.500000 1 1
1.500000 0.500000 1.500000 1 1
2.500000 0.500000 1.500000 1 0

12
3.988082
3
1.500000 0.500000 0.500000 1 1
1.500000 0.500000 1.500000 1 0
2.500000 0.500000 1.500000 1 1

12
3.988082
3
1.500000 0.500000 0.500000 1 1
1.500000 0.500000 1.500000 1 1
2.500000 0.500000 1.500000 1 1

6
2.820000
4
1.500000 0.500000 0.500000 1 0
1.000000 -0.000000 1.000000 1 0
1.000000 1.000000 1.000000 1 0
1.500000 0.500000 1.500000 1 0

24
2.820000
4
1.500000 0.500000 0.500000 1 1
1.000000 -0.000000 1.000000 1 0
1.000000 1.000000 1.000000 1 0
1.500000 0.500000 1.500000 1 0

24
2.820000
4
1.500000 0.500000 0.500000 1 1
1.000000 -0.000000 1.000000 1 1
1.000000 1.000000 1.000000 1 0
1.500000 0.500000 1.500000 1 0

12
2.820000
4
1.500000 0.500000 0.500000 1 0
1.000000 -0.000000 1.000000 1 1
1.000000 1.000000 1.000000 1 1
1.500000 0.500000 1.500000 1 0

24
2.820000
4
1.500000 0.500000 0.500000 1 1
1.000000 -0.000000 1.000000 1 1
1.000000 1.000000 1.000000 1 1
1.500000 0.500000 1.500000 1 0

6
2.820000
4
1.500000 0.500000 0.500000 1 1
1.000000 -0.000000 1.000000 1 1
1.000000 1.000000 1.000000 1 1
1.500000 0.500000 1.500000 1 1

6
3.988082
4
1.500000 0.500000 0.500000 1 0
2.000000 -0.000000 1.000000 1 0
2.000000 1.000000 1.000000 1 0
2.500000 0.500000 1.500000 1 0

12
3.988082
4
1.500000 0.500000 0.500000 1 1
2.000000 -0.000000 1.000000 1 0
2.000000 1.000000 1.000000 1 0
2.500000 0.500000 1.500000 1 0

12
3.988082
4
1.500000 0.500000 0.500000 1 0
2.000000 -0.000000 1.000000 1 1
2.000000 1.000000 1.000000 1 0
2.500000 0.500000 1.500000 1 0

24
3.988082
4
1.500000 0.500000 0.500000 1 1
2.000000 -0.000000 1.000000 1 1
2.000000 1.000000 1.000000 1 0
2.500000 0.500000 1.500000 1 0

6
3.988082
4
1.500000 0.500000 0.500000 1 0
2.000000 -0.000000 1.000000 1 1
2.000000 1.000000 1.000000 1 1
2.500000 0.500000 1.500000 1 0

12
3.988082
4
1.500000 0.500000 0.500000 1 1
2.000000 -0.000000 1.000000 1 1
2.000000 1.000000 1.000000 1 1
2.500000 0.500000 1.500000 1 0

6
3.988082
4
1.500000 0.500000 0.500000 1 1
2.000000 -0.000000 1.000000 1 0
2.000000 1.000000 1.000000 1 0
2.500000 0.500000 1.500000 1 1

12
3.988082
4
1.500000 0.500000 0.500000 1 1
2.000000 -0.000000 1.000000 1 1
2.000000 1.000000 1.000000 1 0
2.500000 0.500000 1.500000 1 1

6
3.988082
4
1.500000 0.500000 0.500000 1 1
2.000000 -0.000000 1.000000 1 1
2.000000 1.000000 1.000000 1 1
2.500000 0.500000 1.500000 1 1

