0.095215
1.489905
0.851979
0.135193
-0.074596
-0.070890
-0.035864
-0.161823
-0.028798
0.076417
0.034533
-0.033448
0.015921
0.023253
0.011661
0.060852
0.004146
-0.065773
0.021274
0.040122
0.018959
0.015299
0.016015
0.031625
0.032620
-0.020724
-0.024705
-0.025770
-0.052242
0.000000
-0.044367
-0.035160
0.029082
0.000000
-0.043756
-0.030735
-0.002164
-0.014216
-0.006086
-0.013291
-0.026204
-0.012327
0.026790
0.013084
0.000000
-0.027112
0.000000
0.000000
-0.081894
-0.048159
-0.008211
0.000000
0.028994
-0.008222
-0.054453
0.000000
0.000000
